Build started 4/5/2014 1:53:40 PM.
Project "C:\687\pr3\SocketDemo2 (1)\Reciever\Reciever.vcxproj" on node 2 (Rebuild target(s)).
ClCompile:
  C:\Program Files (x86)\Microsoft Visual Studio 12.0\VC\bin\CL.exe /c /ZI /nologo /W3 /WX- /Od /Oy- /D WIN32 /D _DEBUG /D _CONSOLE /D NODOLOG /D _UNICODE /D UNICODE /Gm /EHa /RTC1 /MDd /GS /fp:precise /Zc:wchar_t /Zc:forScope /Fo"Debug\\" /Fd"Debug\vc120.pdb" /Gd /TP /analyze- /errorReport:prompt ..\BlockingQueue\BlockingQueue.cpp ..\Sockets\Sockets.cpp ..\Threads\Locks.cpp ..\Threads\Threads.cpp Reciever.cpp
  Reciever.cpp
  Threads.cpp
  Locks.cpp
  Sockets.cpp
  BlockingQueue.cpp
  Generating Code...
Link:
  C:\Program Files (x86)\Microsoft Visual Studio 12.0\VC\bin\link.exe /ERRORREPORT:PROMPT /OUT:"C:\687\pr3\SocketDemo2 (1)\Debug\Reciever.exe" /INCREMENTAL /NOLOGO wsock32.lib kernel32.lib user32.lib gdi32.lib winspool.lib comdlg32.lib advapi32.lib shell32.lib ole32.lib oleaut32.lib uuid.lib odbc32.lib odbccp32.lib kernel32.lib user32.lib gdi32.lib winspool.lib comdlg32.lib advapi32.lib shell32.lib ole32.lib oleaut32.lib uuid.lib odbc32.lib odbccp32.lib /MANIFEST /MANIFESTUAC:"level='asInvoker' uiAccess='false'" /manifest:embed /DEBUG /PDB:"C:\687\pr3\SocketDemo2 (1)\Debug\Reciever.pdb" /SUBSYSTEM:CONSOLE /TLBID:1 /DYNAMICBASE /NXCOMPAT /IMPLIB:"C:\687\pr3\SocketDemo2 (1)\Debug\Reciever.lib" /MACHINE:X86 Debug\BlockingQueue.obj
  Debug\Sockets.obj
  Debug\Locks.obj
  Debug\Threads.obj
  Debug\Reciever.obj
MSVCRTD.lib(crtexe.obj) : error LNK2019: unresolved external symbol _main referenced in function ___tmainCRTStartup
C:\687\pr3\SocketDemo2 (1)\Debug\Reciever.exe : fatal error LNK1120: 1 unresolved externals
Done Building Project "C:\687\pr3\SocketDemo2 (1)\Reciever\Reciever.vcxproj" (Rebuild target(s)) -- FAILED.

Build FAILED.

Time Elapsed 00:00:02.97
