c:\687\pr4\project4\server\debug\vc120.pdb
c:\687\pr4\project4\server\debug\vc120.idb
c:\687\pr4\project4\server\debug\blockingqueue.obj
c:\687\pr4\project4\server\debug\communicators.obj
c:\687\pr4\project4\server\debug\dispatcher.obj
c:\687\pr4\project4\server\debug\display.obj
c:\687\pr4\project4\server\debug\filesystem.obj
c:\687\pr4\project4\server\debug\message.obj
c:\687\pr4\project4\server\debug\sender.obj
c:\687\pr4\project4\server\debug\sockets.obj
c:\687\pr4\project4\server\debug\filemger.obj
c:\687\pr4\project4\server\debug\textsearch.obj
c:\687\pr4\project4\server\debug\server.obj
c:\687\pr4\project4\debug\server.ilk
c:\687\pr4\project4\debug\server.exe
c:\687\pr4\project4\debug\server.pdb
c:\687\pr4\project4\server\debug\server.tlog\cl.command.1.tlog
c:\687\pr4\project4\server\debug\server.tlog\cl.read.1.tlog
c:\687\pr4\project4\server\debug\server.tlog\cl.write.1.tlog
c:\687\pr4\project4\server\debug\server.tlog\link.command.1.tlog
c:\687\pr4\project4\server\debug\server.tlog\link.read.1.tlog
c:\687\pr4\project4\server\debug\server.tlog\link.write.1.tlog
