Build started 7/20/2014 11:46:00 PM.
     1>Project "\\psf\Home\Documents\OOD\projects\project4\Server\Server.vcxproj" on node 2 (Build target(s)).
     1>ClCompile:
         C:\Program Files (x86)\Microsoft Visual Studio 12.0\VC\bin\CL.exe /c /ZI /nologo /W3 /WX- /sdl /Od /Oy- /D WIN32 /D _DEBUG /D _CONSOLE /D _LIB /D _UNICODE /D UNICODE /Gm /EHsc /RTC1 /MDd /GS /fp:precise /Zc:wchar_t /Zc:forScope /Fo"Debug\\" /Fd"Debug\vc120.pdb" /Gd /TP /analyze- /errorReport:prompt ..\BlockingQueue\BlockingQueue.cpp ..\Communicators\Communicators.cpp ..\Dispatcher\Dispatcher.cpp ..\Display\Display.cpp ..\FileSystem\FileSystem.cpp ..\Message\Message.cpp ..\Sender\Sender.cpp ..\Sockets\Sockets.cpp ..\TextSearch\FileMger.cpp ..\TextSearch\TextSearch.cpp Server.cpp
         Server.cpp
         TextSearch.cpp
         FileMger.cpp
         Sockets.cpp
         Sender.cpp
         Message.cpp
         FileSystem.cpp
         Display.cpp
         Dispatcher.cpp
         Communicators.cpp
     1>\\psf\home\documents\ood\projects\project4\communicators\communicators.cpp(40): warning C4244: 'initializing' : conversion from '__int64' to 'long', possible loss of data
     1>\\psf\home\documents\ood\projects\project4\communicators\communicators.cpp(60): warning C4244: 'initializing' : conversion from '__int64' to 'long', possible loss of data
     1>\\psf\home\documents\ood\projects\project4\communicators\communicators.cpp(131): warning C4244: 'initializing' : conversion from '__int64' to 'long', possible loss of data
     1>\\psf\home\documents\ood\projects\project4\communicators\communicators.cpp(191): warning C4244: 'initializing' : conversion from '__int64' to 'long', possible loss of data
     1>\\psf\home\documents\ood\projects\project4\communicators\communicators.cpp(235): warning C4244: 'initializing' : conversion from '__int64' to 'long', possible loss of data
     1>\\psf\home\documents\ood\projects\project4\communicators\communicators.cpp(271): warning C4244: 'initializing' : conversion from '__int64' to 'long', possible loss of data
         BlockingQueue.cpp
         Generating Code...
       Link:
         C:\Program Files (x86)\Microsoft Visual Studio 12.0\VC\bin\link.exe /ERRORREPORT:PROMPT /OUT:"\\psf\Home\Documents\OOD\projects\project4\Debug\Server.exe" /INCREMENTAL /NOLOGO wsock32.lib kernel32.lib user32.lib gdi32.lib winspool.lib kernel32.lib user32.lib gdi32.lib winspool.lib comdlg32.lib advapi32.lib shell32.lib ole32.lib oleaut32.lib uuid.lib odbc32.lib odbccp32.lib /MANIFEST /MANIFESTUAC:"level='asInvoker' uiAccess='false'" /manifest:embed /DEBUG /PDB:"\\psf\Home\Documents\OOD\projects\project4\Debug\Server.pdb" /SUBSYSTEM:CONSOLE /TLBID:1 /DYNAMICBASE /NXCOMPAT /IMPLIB:"\\psf\Home\Documents\OOD\projects\project4\Debug\Server.lib" /MACHINE:X86 Debug\BlockingQueue.obj
         Debug\Communicators.obj
         Debug\Dispatcher.obj
         Debug\Display.obj
         Debug\FileSystem.obj
         Debug\Message.obj
         Debug\Sender.obj
         Debug\Sockets.obj
         Debug\FileMger.obj
         Debug\TextSearch.obj
         Debug\Server.obj
         \\psf\Home\Documents\OOD\projects\project4\Debug\Survival.lib
         Server.vcxproj -> \\psf\Home\Documents\OOD\projects\project4\Debug\Server.exe
     1>Done Building Project "\\psf\Home\Documents\OOD\projects\project4\Server\Server.vcxproj" (Build target(s)).

Build succeeded.

Time Elapsed 00:00:12.51
