c:\687\pr4\project4\survival\debug\vc120.pdb
c:\687\pr4\project4\survival\debug\vc120.idb
c:\687\pr4\project4\survival\debug\actionsandrules.obj
c:\687\pr4\project4\survival\debug\collection.obj
c:\687\pr4\project4\survival\debug\comlineparsing.obj
c:\687\pr4\project4\survival\debug\configureparser.obj
c:\687\pr4\project4\survival\debug\display.obj
c:\687\pr4\project4\survival\debug\executive.obj
c:\687\pr4\project4\survival\debug\filemgr.obj
c:\687\pr4\project4\survival\debug\filesystem.obj
c:\687\pr4\project4\survival\debug\foldingrules.obj
c:\687\pr4\project4\survival\debug\mnode.obj
c:\687\pr4\project4\survival\debug\parser.obj
c:\687\pr4\project4\survival\debug\scopestack.obj
c:\687\pr4\project4\survival\debug\semiexpression.obj
c:\687\pr4\project4\survival\debug\simianalysis.obj
c:\687\pr4\project4\survival\debug\tokenizer.obj
c:\687\pr4\project4\survival\debug\xmlwriter.obj
c:\687\pr4\project4\debug\survival.ilk
c:\687\pr4\project4\debug\survival.dll
c:\687\pr4\project4\debug\survival.pdb
c:\687\pr4\project4\debug\survival.lib
c:\687\pr4\project4\debug\survival.exp
c:\687\pr4\project4\survival\debug\survival.tlog\cl.command.1.tlog
c:\687\pr4\project4\survival\debug\survival.tlog\cl.read.1.tlog
c:\687\pr4\project4\survival\debug\survival.tlog\cl.write.1.tlog
c:\687\pr4\project4\survival\debug\survival.tlog\link.command.1.tlog
c:\687\pr4\project4\survival\debug\survival.tlog\link.read.1.tlog
c:\687\pr4\project4\survival\debug\survival.tlog\link.write.1.tlog
c:\687\pr4\project4\survival\debug\survival.tlog\survival.write.1u.tlog
